        -:    0:Source:triangle.cpp
        -:    0:Graph:triangle.gcno
        -:    0:Data:triangle.gcda
        -:    0:Runs:1
        -:    0:Programs:1
        -:    1:#include <stdio.h>
        -:    2:#include "triangle.hpp"
        -:    3:
       28:    4:int triangle_type( int a, int b, int c ) {
       28:    5:	if (a < 1 || b < 1 || c < 1 || a > 200 || b > 200 || c > 200)
        8:    6:		return TYPE_INVALID_INPUT;
       20:    7:	if( !(a + b > c && a + c > b && b + c > a) )
        6:    8:		return TYPE_NOTTRIANGLE;
       14:    9:	if( a==b || b==c || c==a){
       10:   10:		if (a==b && b==c && c==a)
        4:   11:			return TYPE_EQUILATERAL;
        -:   12:		else
        6:   13:			return TYPE_ISOSCELES;
        -:   14:	}
        4:   15:	return TYPE_SCALENE;
        -:   16:}
